This file contains any messages produced by compilers while
running configure, to aid debugging if configure makes a mistake.

It was created by test_component configure 1.0.0, which was
generated by GNU Autoconf 2.63.  Invocation command line was

  $ ./configure 

## --------- ##
## Platform. ##
## --------- ##

hostname = axiosws-ab
uname -m = x86_64
uname -r = 2.6.32-642.1.1.el6.x86_64
uname -s = Linux
uname -v = #1 SMP Tue May 31 21:57:07 UTC 2016

/usr/bin/uname -p = unknown
/bin/uname -X     = unknown

/bin/arch              = x86_64
/usr/bin/arch -k       = unknown
/usr/convex/getsysinfo = unknown
/usr/bin/hostinfo      = unknown
/bin/machine           = unknown
/usr/bin/oslevel       = unknown
/bin/universe          = unknown

PATH: /usr/local/redhawk/core/bin
PATH: /usr/lib64/qt-3.3/bin
PATH: /usr/local/bin
PATH: /usr/bin
PATH: /bin
PATH: /usr/local/sbin
PATH: /usr/sbin
PATH: /sbin
PATH: /nishome/abendebba/bin


## ----------- ##
## Core tests. ##
## ----------- ##

configure:1925: checking for a BSD-compatible install
configure:1993: result: /usr/bin/install -c
configure:2004: checking whether build environment is sane
configure:2064: result: yes
configure:2205: checking for a thread-safe mkdir -p
configure:2244: result: /bin/mkdir -p
configure:2257: checking for gawk
configure:2273: found /usr/bin/gawk
configure:2284: result: gawk
configure:2295: checking whether make sets $(MAKE)
configure:2317: result: yes
configure:2449: checking for gcc
configure:2465: found /usr/bin/gcc
configure:2476: result: gcc
configure:2708: checking for C compiler version
configure:2716: gcc --version >&5
gcc (GCC) 4.4.7 20120313 (Red Hat 4.4.7-17)
Copyright (C) 2010 Free Software Foundation, Inc.
This is free software; see the source for copying conditions.  There is NO
warranty; not even for MERCHANTABILITY or FITNESS FOR A PARTICULAR PURPOSE.

configure:2720: $? = 0
configure:2727: gcc -v >&5
Using built-in specs.
Target: x86_64-redhat-linux
Configured with: ../configure --prefix=/usr --mandir=/usr/share/man --infodir=/usr/share/info --with-bugurl=http://bugzilla.redhat.com/bugzilla --enable-bootstrap --enable-shared --enable-threads=posix --enable-checking=release --with-system-zlib --enable-__cxa_atexit --disable-libunwind-exceptions --enable-gnu-unique-object --enable-languages=c,c++,objc,obj-c++,java,fortran,ada --enable-java-awt=gtk --disable-dssi --with-java-home=/usr/lib/jvm/java-1.5.0-gcj-1.5.0.0/jre --enable-libgcj-multifile --enable-java-maintainer-mode --with-ecj-jar=/usr/share/java/eclipse-ecj.jar --disable-libjava-multilib --with-ppl --with-cloog --with-tune=generic --with-arch_32=i686 --build=x86_64-redhat-linux
Thread model: posix
gcc version 4.4.7 20120313 (Red Hat 4.4.7-17) (GCC) 
configure:2731: $? = 0
configure:2738: gcc -V >&5
gcc: '-V' option must have argument
configure:2742: $? = 1
configure:2765: checking for C compiler default output file name
configure:2787: gcc    conftest.c  >&5
configure:2791: $? = 0
configure:2829: result: a.out
configure:2848: checking whether the C compiler works
configure:2858: ./a.out
configure:2862: $? = 0
configure:2881: result: yes
configure:2888: checking whether we are cross compiling
configure:2890: result: no
configure:2893: checking for suffix of executables
configure:2900: gcc -o conftest    conftest.c  >&5
configure:2904: $? = 0
configure:2930: result: 
configure:2936: checking for suffix of object files
configure:2962: gcc -c   conftest.c >&5
configure:2966: $? = 0
configure:2991: result: o
configure:2995: checking whether we are using the GNU C compiler
configure:3024: gcc -c   conftest.c >&5
configure:3031: $? = 0
configure:3048: result: yes
configure:3057: checking whether gcc accepts -g
configure:3087: gcc -c -g  conftest.c >&5
configure:3094: $? = 0
configure:3195: result: yes
configure:3212: checking for gcc option to accept ISO C89
configure:3286: gcc  -c -g -O2  conftest.c >&5
configure:3293: $? = 0
configure:3316: result: none needed
configure:3345: checking for style of include used by make
configure:3373: result: GNU
configure:3398: checking dependency style of gcc
configure:3508: result: gcc3
configure:3581: checking for g++
configure:3597: found /usr/bin/g++
configure:3608: result: g++
configure:3635: checking for C++ compiler version
configure:3643: g++ --version >&5
g++ (GCC) 4.4.7 20120313 (Red Hat 4.4.7-17)
Copyright (C) 2010 Free Software Foundation, Inc.
This is free software; see the source for copying conditions.  There is NO
warranty; not even for MERCHANTABILITY or FITNESS FOR A PARTICULAR PURPOSE.

configure:3647: $? = 0
configure:3654: g++ -v >&5
Using built-in specs.
Target: x86_64-redhat-linux
Configured with: ../configure --prefix=/usr --mandir=/usr/share/man --infodir=/usr/share/info --with-bugurl=http://bugzilla.redhat.com/bugzilla --enable-bootstrap --enable-shared --enable-threads=posix --enable-checking=release --with-system-zlib --enable-__cxa_atexit --disable-libunwind-exceptions --enable-gnu-unique-object --enable-languages=c,c++,objc,obj-c++,java,fortran,ada --enable-java-awt=gtk --disable-dssi --with-java-home=/usr/lib/jvm/java-1.5.0-gcj-1.5.0.0/jre --enable-libgcj-multifile --enable-java-maintainer-mode --with-ecj-jar=/usr/share/java/eclipse-ecj.jar --disable-libjava-multilib --with-ppl --with-cloog --with-tune=generic --with-arch_32=i686 --build=x86_64-redhat-linux
Thread model: posix
gcc version 4.4.7 20120313 (Red Hat 4.4.7-17) (GCC) 
configure:3658: $? = 0
configure:3665: g++ -V >&5
g++: '-V' option must have argument
configure:3669: $? = 1
configure:3672: checking whether we are using the GNU C++ compiler
configure:3701: g++ -c   conftest.cpp >&5
configure:3708: $? = 0
configure:3725: result: yes
configure:3734: checking whether g++ accepts -g
configure:3764: g++ -c -g  conftest.cpp >&5
configure:3771: $? = 0
configure:3872: result: yes
configure:3897: checking dependency style of g++
configure:4007: result: gcc3
configure:4036: checking for a BSD-compatible install
configure:4104: result: /usr/bin/install -c
configure:4165: checking for pkg-config
configure:4183: found /usr/bin/pkg-config
configure:4195: result: /usr/bin/pkg-config
configure:4220: checking pkg-config is at least version 0.9.0
configure:4223: result: yes
configure:4234: checking for omniORB4
configure:4240: $PKG_CONFIG --exists --print-errors "omniORB4 >= 4.0.0"
configure:4243: $? = 0
configure:4250: result: yes
configure:4295: checking for ossie home
configure:4326: result: /usr/local/redhawk/core
configure:4333: checking to see ossie is installed
configure:4343: checking for sdr root
configure:4366: result: /var/redhawk/sdr
configure:4385: using /var/redhawk/sdr/ as installation prefix
configure:4408: checking for PROJECTDEPS
configure:4416: $PKG_CONFIG --exists --print-errors "ossie >= 2.0 omniORB4 >= 4.1.0"
configure:4419: $? = 0
configure:4434: $PKG_CONFIG --exists --print-errors "ossie >= 2.0 omniORB4 >= 4.1.0"
configure:4437: $? = 0
configure:4515: result: yes
configure:4520: checking for sdr root
configure:4541: result: /var/redhawk/sdr
configure:4585: checking for C++ soft package library library_demo
configure:4597: $PKG_CONFIG --exists --print-errors "$rh_softpkg_name $rh_softpkg_version_check"
configure:4600: $? = 0
configure:4603: result: yes
configure:4643: checking for LOG4CXX
configure:4651: $PKG_CONFIG --exists --print-errors "liblog4cxx >= 0.10.0"
configure:4654: $? = 0
configure:4669: $PKG_CONFIG --exists --print-errors "liblog4cxx >= 0.10.0"
configure:4672: $? = 0
configure:4750: result: yes
configure:4789: checking build system type
configure:4807: result: x86_64-unknown-linux-gnu
configure:4829: checking host system type
configure:4844: result: x86_64-unknown-linux-gnu
configure:4917: checking for boostlib >= 1.41
configure:4988: g++ -c -g -O2    -I/usr/include conftest.cpp >&5
configure:4995: $? = 0
configure:5001: result: yes
configure:5253: checking whether the Boost::System library is available
configure:5287: g++ -c -g -O2    -I/usr/include conftest.cpp >&5
configure:5294: $? = 0
configure:5317: result: yes
configure:5334: checking for exit in -lboost_system
configure:5369: gcc -o conftest -g -O2    -I/usr/include  -L/usr/lib64 conftest.c -lboost_system   -llog4cxx   >&5
conftest.c:22: warning: conflicting types for built-in function 'exit'
configure:5376: $? = 0
configure:5399: result: yes
configure:5621: checking whether the Boost::Thread library is available
configure:5663: g++ -c -pthread -g -O2    -I/usr/include conftest.cpp >&5
configure:5670: $? = 0
configure:5693: result: yes
configure:5724: checking for exit in -lboost_thread-mt
configure:5759: gcc -o conftest -g -O2    -I/usr/include  -L/usr/lib64 conftest.c -lboost_thread-mt   -llog4cxx   >&5
conftest.c:23: warning: conflicting types for built-in function 'exit'
configure:5766: $? = 0
configure:5789: result: yes
configure:6018: checking whether the Boost::Regex library is available
configure:6051: g++ -c -g -O2    -pthread -I/usr/include conftest.cpp >&5
configure:6058: $? = 0
configure:6080: result: yes
configure:6093: checking for exit in -lboost_regex-mt
configure:6128: gcc -o conftest -g -O2    -pthread -I/usr/include  -L/usr/lib64 conftest.c -lboost_regex-mt   -llog4cxx   >&5
conftest.c:24: warning: conflicting types for built-in function 'exit'
configure:6135: $? = 0
configure:6158: result: yes
configure:6511: creating ./config.status

## ---------------------- ##
## Running config.status. ##
## ---------------------- ##

This file was extended by test_component config.status 1.0.0, which was
generated by GNU Autoconf 2.63.  Invocation command line was

  CONFIG_FILES    = 
  CONFIG_HEADERS  = 
  CONFIG_LINKS    = 
  CONFIG_COMMANDS = 
  $ ./config.status 

on axiosws-ab

config.status:724: creating Makefile
config.status:935: executing depfiles commands

## ---------------- ##
## Cache variables. ##
## ---------------- ##

ac_cv_build=x86_64-unknown-linux-gnu
ac_cv_c_compiler_gnu=yes
ac_cv_corba_omniorb4=yes
ac_cv_cxx_compiler_gnu=yes
ac_cv_env_CCC_set=
ac_cv_env_CCC_value=
ac_cv_env_CC_set=
ac_cv_env_CC_value=
ac_cv_env_CFLAGS_set=
ac_cv_env_CFLAGS_value=
ac_cv_env_CPPFLAGS_set=
ac_cv_env_CPPFLAGS_value=
ac_cv_env_CXXFLAGS_set=
ac_cv_env_CXXFLAGS_value=
ac_cv_env_CXX_set=
ac_cv_env_CXX_value=
ac_cv_env_LDFLAGS_set=
ac_cv_env_LDFLAGS_value=
ac_cv_env_LIBS_set=
ac_cv_env_LIBS_value=
ac_cv_env_LOG4CXX_CFLAGS_set=
ac_cv_env_LOG4CXX_CFLAGS_value=
ac_cv_env_LOG4CXX_LIBS_set=
ac_cv_env_LOG4CXX_LIBS_value=
ac_cv_env_PKG_CONFIG_set=
ac_cv_env_PKG_CONFIG_value=
ac_cv_env_PROJECTDEPS_CFLAGS_set=
ac_cv_env_PROJECTDEPS_CFLAGS_value=
ac_cv_env_PROJECTDEPS_LIBS_set=
ac_cv_env_PROJECTDEPS_LIBS_value=
ac_cv_env_build_alias_set=
ac_cv_env_build_alias_value=
ac_cv_env_host_alias_set=
ac_cv_env_host_alias_value=
ac_cv_env_target_alias_set=
ac_cv_env_target_alias_value=
ac_cv_host=x86_64-unknown-linux-gnu
ac_cv_lib_boost_regex_mt___exit=yes
ac_cv_lib_boost_system___exit=yes
ac_cv_lib_boost_thread_mt___exit=yes
ac_cv_objext=o
ac_cv_path_ac_pt_PKG_CONFIG=/usr/bin/pkg-config
ac_cv_path_install='/usr/bin/install -c'
ac_cv_path_mkdir=/bin/mkdir
ac_cv_prog_AWK=gawk
ac_cv_prog_ac_ct_CC=gcc
ac_cv_prog_ac_ct_CXX=g++
ac_cv_prog_cc_c89=
ac_cv_prog_cc_g=yes
ac_cv_prog_cxx_g=yes
ac_cv_prog_make_make_set=yes
am_cv_CC_dependencies_compiler_type=gcc3
am_cv_CXX_dependencies_compiler_type=gcc3
ax_cv_boost_regex=yes
ax_cv_boost_system=yes
ax_cv_boost_thread=yes
ossie_cv_ossie_home=/usr/local/redhawk/core
ossie_cv_sdr_root=/var/redhawk/sdr
pkg_cv_LOG4CXX_CFLAGS=' '
pkg_cv_LOG4CXX_LIBS='-llog4cxx  '
pkg_cv_PROJECTDEPS_CFLAGS='-D__x86_64__ -D__linux__ -D__OSVERSION__=2 -DENABLE_EVENTS=1 -I/usr/local/redhawk/core/include -I/usr/local/redhawk/core/include/ossie -I/usr/local/redhawk/core/share/idl  '
pkg_cv_PROJECTDEPS_LIBS='-L/usr/local/redhawk/core/lib64 -lossiecf -lossieidl -lCOS4 -lomniDynamic4 -lomniORB4 -lomnithread  '

## ----------------- ##
## Output variables. ##
## ----------------- ##

ACLOCAL='${SHELL} /nishome/abendebba/workspace/test_component/cpp/missing --run aclocal-1.11'
AMDEPBACKSLASH='\'
AMDEP_FALSE='#'
AMDEP_TRUE=''
AMTAR='${SHELL} /nishome/abendebba/workspace/test_component/cpp/missing --run tar'
AM_BACKSLASH='\'
AM_DEFAULT_VERBOSITY='0'
AUTOCONF='${SHELL} /nishome/abendebba/workspace/test_component/cpp/missing --run autoconf'
AUTOHEADER='${SHELL} /nishome/abendebba/workspace/test_component/cpp/missing --run autoheader'
AUTOMAKE='${SHELL} /nishome/abendebba/workspace/test_component/cpp/missing --run automake-1.11'
AWK='gawk'
BOOST_CPPFLAGS='-pthread -I/usr/include'
BOOST_LDFLAGS='-L/usr/lib64'
BOOST_REGEX_LIB='-lboost_regex-mt'
BOOST_SYSTEM_LIB='-lboost_system'
BOOST_THREAD_LIB='-lboost_thread-mt'
CC='gcc'
CCDEPMODE='depmode=gcc3'
CFLAGS='-g -O2'
CORBA_ORB='omniORB4'
CPPFLAGS='  '
CXX='g++'
CXXDEPMODE='depmode=gcc3'
CXXFLAGS='-g -O2'
CYGPATH_W='echo'
DEFS='-DPACKAGE_NAME=\"test_component\" -DPACKAGE_TARNAME=\"test_component\" -DPACKAGE_VERSION=\"1.0.0\" -DPACKAGE_STRING=\"test_component\ 1.0.0\" -DPACKAGE_BUGREPORT=\"\" -DPACKAGE=\"test_component\" -DVERSION=\"1.0.0\" -DHAVE_OMNIORB4=1 -DHAVE_LOG4CXX=1 -DRH_LOGGER=1 -DHAVE_BOOST=1 -DHAVE_BOOST_SYSTEM=1 -DHAVE_BOOST_THREAD=1 -DHAVE_BOOST_REGEX=1'
DEPDIR='.deps'
ECHO_C=''
ECHO_N='-n'
ECHO_T=''
EXEEXT=''
HAVE_LOG4CXX='-DHAVE_LOG4CXX=1'
INSTALL_DATA='${INSTALL} -m 644'
INSTALL_PROGRAM='${INSTALL}'
INSTALL_SCRIPT='${INSTALL}'
INSTALL_STRIP_PROGRAM='$(install_sh) -c -s'
LDFLAGS=''
LIBOBJS=''
LIBS=' -llog4cxx  '
LOG4CXX_CFLAGS=' '
LOG4CXX_LIBS='-llog4cxx  '
LTLIBOBJS=''
MAKEINFO='${SHELL} /nishome/abendebba/workspace/test_component/cpp/missing --run makeinfo'
MKDIR_P='/bin/mkdir -p'
OBJEXT='o'
OSSIE_HOME='/usr/local/redhawk/core'
PACKAGE='test_component'
PACKAGE_BUGREPORT=''
PACKAGE_NAME='test_component'
PACKAGE_STRING='test_component 1.0.0'
PACKAGE_TARNAME='test_component'
PACKAGE_VERSION='1.0.0'
PATH_SEPARATOR=':'
PKG_CONFIG='/usr/bin/pkg-config'
PROJECTDEPS_CFLAGS='-D__x86_64__ -D__linux__ -D__OSVERSION__=2 -DENABLE_EVENTS=1 -I/usr/local/redhawk/core/include -I/usr/local/redhawk/core/include/ossie -I/usr/local/redhawk/core/share/idl  '
PROJECTDEPS_LIBS='-L/usr/local/redhawk/core/lib64 -lossiecf -lossieidl -lCOS4 -lomniDynamic4 -lomniORB4 -lomnithread  '
SDR_ROOT='/var/redhawk/sdr'
SET_MAKE=''
SHELL='/bin/sh'
SOFTPKG_CFLAGS='-I/var/redhawk/sdr/dom/deps/library_demo/include  '
SOFTPKG_LIBS='-L/var/redhawk/sdr/dom/deps/library_demo/cpp/lib -llibrary_demo  '
STRIP=''
VERSION='1.0.0'
WITH_LOG4CXX='yes'
ac_ct_CC='gcc'
ac_ct_CXX='g++'
am__EXEEXT_FALSE=''
am__EXEEXT_TRUE='#'
am__fastdepCC_FALSE='#'
am__fastdepCC_TRUE=''
am__fastdepCXX_FALSE='#'
am__fastdepCXX_TRUE=''
am__include='include'
am__isrc=''
am__leading_dot='.'
am__quote=''
am__tar='${AMTAR} chof - "$$tardir"'
am__untar='${AMTAR} xf -'
bindir='${exec_prefix}/bin'
build='x86_64-unknown-linux-gnu'
build_alias=''
build_cpu='x86_64'
build_os='linux-gnu'
build_vendor='unknown'
datadir='${datarootdir}'
datarootdir='${prefix}/share'
docdir='${datarootdir}/doc/${PACKAGE_TARNAME}'
dvidir='${docdir}'
exec_prefix='${prefix}'
host='x86_64-unknown-linux-gnu'
host_alias=''
host_cpu='x86_64'
host_os='linux-gnu'
host_vendor='unknown'
htmldir='${docdir}'
includedir='${prefix}/include'
infodir='${datarootdir}/info'
install_sh='${SHELL} /nishome/abendebba/workspace/test_component/cpp/install-sh'
libdir='${exec_prefix}/lib'
libexecdir='${exec_prefix}/libexec'
localedir='${datarootdir}/locale'
localstatedir='${prefix}/var'
mandir='${datarootdir}/man'
mkdir_p='/bin/mkdir -p'
oldincludedir='/usr/include'
pdfdir='${docdir}'
prefix='/var/redhawk/sdr/'
program_transform_name='s,x,x,'
psdir='${docdir}'
sbindir='${exec_prefix}/sbin'
sharedstatedir='${prefix}/com'
sysconfdir='${prefix}/etc'
target_alias=''

## ----------- ##
## confdefs.h. ##
## ----------- ##

#define PACKAGE_NAME "test_component"
#define PACKAGE_TARNAME "test_component"
#define PACKAGE_VERSION "1.0.0"
#define PACKAGE_STRING "test_component 1.0.0"
#define PACKAGE_BUGREPORT ""
#define PACKAGE "test_component"
#define VERSION "1.0.0"
#define HAVE_OMNIORB4 1
#define HAVE_LOG4CXX 1
#define RH_LOGGER 1
#define HAVE_BOOST 1
#define HAVE_BOOST_SYSTEM 1
#define HAVE_BOOST_THREAD 1
#define HAVE_BOOST_REGEX 1

configure: exit 0
